<?xml version="1.0" encoding="UTF-8"?>
<!-- Generated by org.testng.reporters.JUnitReportReporter -->
<testsuite skipped="0" hostname="LAPTOP-4RTN7O5G" name="Automation.Selenium.TC1" tests="1" failures="0" timestamp="03 May 2022 11:02:54 GMT" time="2.532" errors="0">
  <testcase name="test1" time="2.532" classname="Automation.Selenium.TC1"/>
</testsuite> <!-- Automation.Selenium.TC1 -->
